\BOOKMARK [1][-]{section.1}{\376\377\000I\000n\000t\000r\000o\000d\000u\000z\000i\000o\000n\000e}{}% 1
\BOOKMARK [1][-]{section.2}{\376\377\000I\000m\000p\000l\000e\000m\000e\000n\000t\000a\000z\000i\000o\000n\000e\000\040\000e\000\040\000v\000a\000l\000i\000d\000a\000z\000i\000o\000n\000e\000\040\000d\000e\000l\000\040\000m\000o\000d\000e\000l\000l\000o}{}% 2
\BOOKMARK [2][-]{subsection.2.1}{\376\377\000D\000i\000n\000a\000m\000i\000c\000a}{section.2}% 3
\BOOKMARK [2][-]{subsection.2.2}{\376\377\000V\000a\000l\000i\000d\000a\000z\000i\000o\000n\000e\000\040\000d\000e\000l\000\040\000m\000o\000d\000e\000l\000l\000o}{section.2}% 4
\BOOKMARK [2][-]{subsection.2.3}{\376\377\000S\000e\000n\000s\000o\000r\000i}{section.2}% 5
\BOOKMARK [3][-]{subsubsection.2.3.1}{\376\377\000V\000a\000l\000i\000d\000a\000z\000i\000o\000n\000e\000\040\000d\000e\000i\000\040\000S\000e\000n\000s\000o\000r\000i}{subsection.2.3}% 6
\BOOKMARK [1][-]{section.3}{\376\377\000F\000i\000l\000t\000r\000o\000\040\000d\000i\000\040\000K\000a\000l\000m\000a\000n\000\040\000E\000s\000t\000e\000s\000o}{}% 7
\BOOKMARK [2][-]{subsection.3.1}{\376\377\000P\000r\000e\000d\000i\000z\000i\000o\000n\000e}{section.3}% 8
\BOOKMARK [2][-]{subsection.3.2}{\376\377\000C\000o\000r\000r\000e\000z\000i\000o\000n\000e}{section.3}% 9
\BOOKMARK [3][-]{subsubsection.3.2.1}{\376\377\000R\000e\000i\000e\000z\000i\000o\000n\000e\000\040\000d\000e\000l\000l\000e\000\040\000m\000i\000s\000u\000r\000e\000\040\000s\000p\000u\000r\000i\000e\000\040\000m\000e\000d\000i\000a\000n\000t\000e\000\040\000d\000i\000s\000t\000a\000n\000z\000a\000\040\000d\000i\000\040\000M\000a\000h\000a\000l\000a\000n\000o\000b\000i\000s}{subsection.3.2}% 10
\BOOKMARK [1][-]{section.4}{\376\377\000F\000i\000l\000t\000r\000o\000\040\000d\000i\000\040\000K\000a\000l\000m\000a\000n\000\040\000U\000n\000s\000c\000e\000n\000t\000e\000d}{}% 11
\BOOKMARK [2][-]{subsection.4.1}{\376\377\000P\000r\000e\000d\000i\000z\000i\000o\000n\000e\000\040\000m\000e\000d\000i\000a\000n\000t\000e\000\040\000s\000t\000a\000t\000o\000\040\000a\000u\000m\000e\000n\000t\000a\000t\000o}{section.4}% 12
\BOOKMARK [2][-]{subsection.4.2}{\376\377\000C\000o\000r\000r\000e\000z\000i\000o\000n\000e\000\040\000U\000n\000s\000c\000e\000n\000t\000e\000d}{section.4}% 13
\BOOKMARK [1][-]{section.5}{\376\377\000R\000a\000u\000c\000h\000-\000T\000u\000n\000g\000-\000S\000t\000r\000i\000e\000b\000e\000l\000\040\000S\000m\000o\000o\000t\000h\000e\000r}{}% 14
\BOOKMARK [1][-]{section.6}{\376\377\000A\000n\000a\000l\000i\000s\000i\000\040\000d\000e\000i\000\040\000r\000i\000s\000u\000l\000t\000a\000t\000i}{}% 15
\BOOKMARK [2][-]{subsection.6.1}{\376\377\000P\000r\000e\000s\000t\000a\000z\000i\000o\000n\000i\000\040\000d\000e\000l\000l\000'\000E\000K\000F}{section.6}% 16
\BOOKMARK [2][-]{subsection.6.2}{\376\377\000P\000r\000e\000s\000t\000a\000z\000i\000o\000n\000i\000\040\000d\000e\000l\000l\000'\000U\000K\000F}{section.6}% 17
\BOOKMARK [2][-]{subsection.6.3}{\376\377\000C\000o\000n\000f\000r\000o\000n\000t\000o\000\040\000t\000r\000a\000\040\000E\000K\000F\000\040\000e\000\040\000U\000K\000F}{section.6}% 18
\BOOKMARK [2][-]{subsection.6.4}{\376\377\000C\000o\000n\000f\000r\000o\000n\000t\000o\000\040\000t\000r\000a\000\040\000E\000K\000F\000\040\000e\000\040\000R\000T\000S}{section.6}% 19
\BOOKMARK [1][-]{section.7}{\376\377\000C\000o\000n\000c\000l\000u\000s\000i\000o\000n\000i}{}% 20
